
Showing logs for build [32mcb-kubecd-environment-pr-228-2-pbrwr-1[0m stage [32mfrom-build-pack[0m and container [32mstep-credential-initializer-hl2g8[0m
{"level":"info","ts":1590030009.1628141,"logger":"fallback-logger","caller":"logging/config.go:69","msg":"Fetch GitHub commit ID from kodata failed: open /var/run/ko/refs/heads/0.8.0-ns-support: no such file or directory"}
{"level":"info","ts":1590030009.163815,"logger":"fallback-logger","caller":"creds-init/main.go:40","msg":"Credentials initialized."}

Showing logs for build [32mcb-kubecd-environment-pr-228-2-pbrwr-1[0m stage [32mfrom-build-pack[0m and container [32mstep-working-dir-initializer-6b46k[0m
{"level":"info","ts":1590030010.1572142,"logger":"fallback-logger","caller":"logging/config.go:69","msg":"Fetch GitHub commit ID from kodata failed: open /var/run/ko/HEAD: no such file or directory"}
{"level":"info","ts":1590030010.1588519,"logger":"fallback-logger","caller":"bash/main.go:64","msg":"Successfully executed command \"sh -c mkdir -p /workspace/source\"; output "}

Showing logs for build [32mcb-kubecd-environment-pr-228-2-pbrwr-1[0m stage [32mfrom-build-pack[0m and container [32mstep-place-tools[0m

Showing logs for build [32mcb-kubecd-environment-pr-228-2-pbrwr-1[0m stage [32mfrom-build-pack[0m and container [32mstep-git-source-cb-kubecd-environment-pr-228-2-pbrwr-vlkpl[0m
{"level":"info","ts":1590030014.2303762,"logger":"fallback-logger","caller":"logging/config.go:69","msg":"Fetch GitHub commit ID from kodata failed: open /var/run/ko/refs/heads/0.8.0-ns-support: no such file or directory"}
{"level":"info","ts":1590030015.2425287,"logger":"fallback-logger","caller":"git/git.go:103","msg":"Successfully cloned https://github.com/cb-kubecd/environment-pr-228-2-boot-vault-gke-production.git @ master in path /workspace/source"}

Showing logs for build [32mcb-kubecd-environment-pr-228-2-pbrwr-1[0m stage [32mfrom-build-pack[0m and container [32mstep-git-merge[0m
Using SHAs from PULL_REFS=master:d8f02c0851d152567097acb5f0c7bb1898be3b01,1:a1f3bd9e70f2710abeb2c2ad907333456860e4d5
DEBUG: LC_ALL=C JX_LOG_LEVEL=error git fetch origin --unshallow a1f3bd9e70f2710abeb2c2ad907333456860e4d5: d8f02c0851d152567097acb5f0c7bb1898be3b01:
DEBUG: ran git fetch --unshallow origin a1f3bd9e70f2710abeb2c2ad907333456860e4d5: d8f02c0851d152567097acb5f0c7bb1898be3b01: in 
DEBUG: JX_LOG_LEVEL=error LC_ALL=C git branch
DEBUG: LC_ALL=C JX_LOG_LEVEL=error git checkout master
DEBUG: ran git checkout master in 
DEBUG: LC_ALL=C JX_LOG_LEVEL=error git reset --hard d8f02c0851d152567097acb5f0c7bb1898be3b01
DEBUG: ran git reset --hard d8f02c0851d152567097acb5f0c7bb1898be3b01 in 
DEBUG: LC_ALL=C JX_LOG_LEVEL=error git clean -fd .
DEBUG: ran clean --force -d . in 
DEBUG: LC_ALL=C JX_LOG_LEVEL=error git merge a1f3bd9e70f2710abeb2c2ad907333456860e4d5
DEBUG: ran git merge a1f3bd9e70f2710abeb2c2ad907333456860e4d5 in 
DEBUG: LC_ALL=C JX_LOG_LEVEL=error git log --format=%H%x1f%an%x1f%ae%x1f%cn%x1f%ce%x1f%s%n%b%x1e d8f02c0851d152567097acb5f0c7bb1898be3b01..HEAD
Merged SHA a1f3bd9e70f2710abeb2c2ad907333456860e4d5 with commit message 'chore: Promote bdd-spring-1590028490 to version 0.0.1' into base branch master

Showing logs for build [32mcb-kubecd-environment-pr-228-2-pbrwr-1[0m stage [32mfrom-build-pack[0m and container [32mstep-build-helm-build[0m
WARNING: No $CHART_REPOSITORY defined so using the default value of: http://jenkins-x-chartmuseum:8080
Adding missing Helm repo: storage.googleapis.com https://storage.googleapis.com/chartmuseum.jenkins-x.io
WARNING: No secrets found on "helm/repos" due: reading the secret "helm/repos" from vault: no secret "helm/repos" not found in vault
Read credentials for https://storage.googleapis.com/chartmuseum.jenkins-x.io from vault helm/repos
Successfully added Helm repository storage.googleapis.com.
Adding missing Helm repo: jenkins-x-chartmuseum http://jenkins-x-chartmuseum:8080
WARNING: No secrets found on "helm/repos" due: reading the secret "helm/repos" from vault: no secret "helm/repos" not found in vault
Read credentials for http://jenkins-x-chartmuseum:8080 from vault helm/repos
Successfully added Helm repository jenkins-x-chartmuseum.
WARNING: No $CHART_REPOSITORY defined so using the default value of: http://jenkins-x-chartmuseum:8080
Adding missing Helm repo: chartmuseum.jenkins-x.io http://chartmuseum.jenkins-x.io
WARNING: No secrets found on "helm/repos" due: reading the secret "helm/repos" from vault: no secret "helm/repos" not found in vault
Read credentials for http://chartmuseum.jenkins-x.io from vault helm/repos
Successfully added Helm repository chartmuseum.jenkins-x.io.
